\BOOKMARK [0][-]{chapter*.1}{\376\377\000L\036\335\000i\000\040\000c\036\243\000m\000\040\001\241\000n}{}% 1
\BOOKMARK [0][-]{chapter*.2}{\376\377\000M\036\345\000c\000\040\000l\036\345\000c}{}% 2
\BOOKMARK [0][-]{chapter*.3}{\376\377\000D\000a\000n\000h\000\040\000s\000\341\000c\000h\000\040\000h\000\354\000n\000h}{}% 3
\BOOKMARK [0][-]{chapter*.4}{\376\377\000D\000a\000n\000h\000\040\000s\000\341\000c\000h\000\040\000b\036\243\000n\000g}{}% 4
\BOOKMARK [0][-]{chapter*.5}{\376\377\000D\000a\000n\000h\000\040\000s\000\341\000c\000h\000\040\000t\000h\000u\036\255\000t\000\040\000n\000g\036\357}{}% 5
\BOOKMARK [0][-]{chapter*.6}{\376\377\000T\036\325\000n\000g\000\040\000q\000u\000a\000n\000\040\001\021\036\301\000\040\000t\000\340\000i}{}% 6
\BOOKMARK [0][-]{chapter.1}{\376\377\000G\000o\000m\000\040\000n\000h\000\363\000m\000\040\000v\001\003\000n\000\040\000b\036\243\000n}{}% 7
\BOOKMARK [1][-]{section.1.1}{\376\377\000G\000i\036\333\000i\000\040\000t\000h\000i\036\307\000u\000\040\000v\036\301\000\040\000g\000o\000m\000\040\000n\000h\000\363\000m}{chapter.1}% 8
\BOOKMARK [1][-]{section.1.2}{\376\377\000G\000o\000m\000\040\000n\000h\000\363\000m\000\040\000v\001\003\000n\000\040\000b\036\243\000n}{chapter.1}% 9
\BOOKMARK [1][-]{section.1.3}{\376\377\000C\000\341\000c\000\040\000p\000h\001\260\001\241\000n\000g\000\040\000p\000h\000\341\000p\000\040\000g\000o\000m\000\040\000n\000h\000\363\000m}{chapter.1}% 10
\BOOKMARK [1][-]{section.1.4}{\376\377\000M\036\345\000c\000\040\000t\000i\000\352\000u\000\040\001\021\036\323\000\040\000\341\000n}{chapter.1}% 11
\BOOKMARK [0][-]{chapter.2}{\376\377\000P\000h\001\260\001\241\000n\000g\000\040\000p\000h\000\341\000p\000\040\000g\000o\000m\000\040\000n\000h\000\363\000m\000\040\000p\000h\000\342\000n\000\040\000c\036\245\000p}{}% 12
\BOOKMARK [1][-]{section.2.1}{\376\377\000H\001\260\036\333\000n\000g\000\040\000t\000i\036\277\000p\000\040\000c\036\255\000n\000\040\000a\000g\000g\000l\000o\000m\000e\000r\000a\000t\000i\000v\000e}{chapter.2}% 13
\BOOKMARK [1][-]{section.2.2}{\376\377\000H\001\260\036\333\000n\000g\000\040\000t\000i\036\277\000p\000\040\000c\036\255\000n\000\040\000d\000i\000v\000i\000s\000i\000v\000e}{chapter.2}% 14
\BOOKMARK [1][-]{section.2.3}{\376\377\001\020\036\323\000n\000g\000\040\000g\000o\000m\000\040\000n\000h\000\363\000m\000\040\000p\000h\000\342\000n\000\040\000c\036\245\000p}{chapter.2}% 15
\BOOKMARK [2][-]{subsection.2.3.1}{\376\377\000G\000i\036\333\000i\000\040\000t\000h\000i\036\307\000u}{section.2.3}% 16
\BOOKMARK [2][-]{subsection.2.3.2}{\376\377\001\020\036\331\000\040\000t\001\260\001\241\000n\000g\000\040\001\021\036\323\000n\000g\000\040\000G\000o\000o\000d\000m\000a\000n\000-\000K\000r\000u\000s\000k\000a\000l\000\040}{section.2.3}% 17
\BOOKMARK [0][-]{chapter.3}{\376\377\000P\000h\001\260\001\241\000n\000g\000\040\000p\000h\000\341\000p\000\040\001\021\036\301\000\040\000x\000u\036\245\000t}{}% 18
\BOOKMARK [1][-]{section.3.1}{\376\377\000G\000o\000o\000d\000m\000a\000n\000-\000K\000r\000u\000s\000a\000l\000\040}{chapter.3}% 19
\BOOKMARK [1][-]{section.3.2}{\376\377\000G\000o\000o\000d\000m\000a\000n\000-\000k\000r\000u\000s\000a\000l\000\040\000t\000r\000o\000n\000g\000\040\000g\000o\000m\000\040\000n\000h\000\363\000m\000\040\000p\000h\000\342\000n\000\040\000c\036\245\000p}{chapter.3}% 20
\BOOKMARK [0][-]{chapter.4}{\376\377\000T\000h\036\361\000c\000\040\000n\000g\000h\000i\036\307\000m\000\040\000v\000\340\000\040\000k\036\277\000t\000\040\000q\000u\036\243}{}% 21
\BOOKMARK [1][-]{section.4.1}{\376\377\000D\036\357\000\040\000l\000i\036\307\000u}{chapter.4}% 22
\BOOKMARK [1][-]{section.4.2}{\376\377\000P\000h\001\260\001\241\000n\000g\000\040\000p\000h\000\341\000p\000\040\001\021\000\341\000n\000h\000\040\000g\000i\000\341}{chapter.4}% 23
\BOOKMARK [2][-]{subsection.4.2.1}{\376\377\000N\000o\000r\000m\000a\000l\000i\000z\000e\000d\000\040\000M\000u\000t\000u\000a\000l\000\040\000I\000n\000f\000o\000r\000m\000a\000t\000i\000o\000n\000\040\000-\000\040\000N\000M\000I}{section.4.2}% 24
\BOOKMARK [2][-]{subsection.4.2.2}{\376\377\000A\000d\000j\000u\000s\000t\000e\000d\000\040\000R\000a\000n\000d\000\040\000I\000n\000d\000e\000x\000\040\000-\000\040\000A\000R\000I}{section.4.2}% 25
\BOOKMARK [1][-]{section.4.3}{\376\377\000K\036\277\000t\000\040\000Q\000u\036\243}{chapter.4}% 26
\BOOKMARK [0][-]{chapter.5}{\376\377\000K\036\277\000t\000\040\000l\000u\036\255\000n\000\040\000v\000\340\000\040\000h\001\260\036\333\000n\000g\000\040\000p\000h\000\341\000t\000\040\000t\000r\000i\036\303\000n}{}% 27
\BOOKMARK [0][-]{chapter*.7}{\376\377\000T\000\340\000i\000\040\000l\000i\036\307\000u\000\040\000t\000h\000a\000m\000\040\000k\000h\036\243\000o}{}% 28
